<?xml version="1.0" encoding="UTF-8"?>
<!-- Generated by org.testng.reporters.JUnitXMLReporter -->
<testsuite hostname="ASD350" ignored="0" name="Test(failed)" tests="3" failures="3" timestamp="09 Nov 2021 12:29:02 GMT" time="91.149" errors="0">
  <testcase name="CustomerRegistrationL2" time="31.185" classname="AutomationOnboarding.Login">
    <failure type="java.lang.AssertionError" message="expected [aa] but found [Customer Registered]">
      <![CDATA[java.lang.AssertionError: expected [aa] but found [Customer Registered]
at AutomationOnboarding.Login.CustomerRegistrationL2(Login.java:141)
... Removed 31 stack frames]]>
    </failure>
  </testcase> <!-- CustomerRegistrationL2 -->
  <testcase name="CustomerRegistrationL2" time="30.101" classname="AutomationOnboarding.Login">
    <failure type="java.lang.AssertionError" message="expected [aa] but found [Customer Registered]">
      <![CDATA[java.lang.AssertionError: expected [aa] but found [Customer Registered]
at AutomationOnboarding.Login.CustomerRegistrationL2(Login.java:141)
... Removed 31 stack frames]]>
    </failure>
  </testcase> <!-- CustomerRegistrationL2 -->
  <testcase name="CustomerRegistrationL2" time="29.498" classname="AutomationOnboarding.Login">
    <failure type="java.lang.AssertionError" message="expected [aa] but found [Customer Registered]">
      <![CDATA[java.lang.AssertionError: expected [aa] but found [Customer Registered]
at AutomationOnboarding.Login.CustomerRegistrationL2(Login.java:141)
... Removed 31 stack frames]]>
    </failure>
  </testcase> <!-- CustomerRegistrationL2 -->
</testsuite> <!-- Test(failed) -->
