<?xml version="1.0" encoding="UTF-8"?>
<testng-results skipped="0" failed="0" ignored="0" total="6" passed="6">
  <reporter-output>
  </reporter-output>
  <suite name="Suite" duration-ms="225931" started-at="2022-02-11T12:43:52Z" finished-at="2022-02-11T12:47:38Z">
    <groups>
    </groups>
    <test name="Parallel_Testing" duration-ms="225931" started-at="2022-02-11T12:43:52Z" finished-at="2022-02-11T12:47:38Z">
      <class name="AutomationOnboarding.Login">
        <test-method status="PASS" signature="setUp()[pri:0, instance:AutomationOnboarding.Login@604ed9f0]" name="setUp" is-config="true" duration-ms="3063" started-at="2022-02-11T12:43:52Z" finished-at="2022-02-11T12:43:55Z">
          <reporter-output>
          </reporter-output>
        </test-method> <!-- setUp -->
        <test-method status="PASS" signature="registrationSelectionFunction([Ljava.lang.String;)[pri:0, instance:AutomationOnboarding.Login@604ed9f0]" name="registrationSelectionFunction" duration-ms="26592" started-at="2022-02-11T12:43:55Z" data-provider="registrationGroup" finished-at="2022-02-11T12:44:22Z">
          <params>
            <param index="0">
              <value>
                <![CDATA[[Ljava.lang.String;@21213b92]]>
              </value>
            </param>
          </params>
          <reporter-output>
          </reporter-output>
        </test-method> <!-- registrationSelectionFunction -->
        <test-method status="PASS" signature="setUp()[pri:0, instance:AutomationOnboarding.Login@604ed9f0]" name="setUp" is-config="true" duration-ms="2536" started-at="2022-02-11T12:44:22Z" finished-at="2022-02-11T12:44:25Z">
          <reporter-output>
          </reporter-output>
        </test-method> <!-- setUp -->
        <test-method status="PASS" signature="registrationSelectionFunction([Ljava.lang.String;)[pri:0, instance:AutomationOnboarding.Login@604ed9f0]" name="registrationSelectionFunction" duration-ms="27230" started-at="2022-02-11T12:44:25Z" data-provider="registrationGroup" finished-at="2022-02-11T12:44:52Z">
          <params>
            <param index="0">
              <value>
                <![CDATA[[Ljava.lang.String;@a67c67e]]>
              </value>
            </param>
          </params>
          <reporter-output>
          </reporter-output>
        </test-method> <!-- registrationSelectionFunction -->
        <test-method status="PASS" signature="setUp()[pri:0, instance:AutomationOnboarding.Login@604ed9f0]" name="setUp" is-config="true" duration-ms="2660" started-at="2022-02-11T12:44:52Z" finished-at="2022-02-11T12:44:54Z">
          <reporter-output>
          </reporter-output>
        </test-method> <!-- setUp -->
        <test-method status="PASS" signature="registrationSelectionFunction([Ljava.lang.String;)[pri:0, instance:AutomationOnboarding.Login@604ed9f0]" name="registrationSelectionFunction" duration-ms="37793" started-at="2022-02-11T12:44:54Z" data-provider="registrationGroup" finished-at="2022-02-11T12:45:32Z">
          <params>
            <param index="0">
              <value>
                <![CDATA[[Ljava.lang.String;@3327bd23]]>
              </value>
            </param>
          </params>
          <reporter-output>
          </reporter-output>
        </test-method> <!-- registrationSelectionFunction -->
        <test-method status="PASS" signature="setUp()[pri:0, instance:AutomationOnboarding.Login@604ed9f0]" name="setUp" is-config="true" duration-ms="2570" started-at="2022-02-11T12:45:32Z" finished-at="2022-02-11T12:45:35Z">
          <reporter-output>
          </reporter-output>
        </test-method> <!-- setUp -->
        <test-method status="PASS" signature="registrationSelectionFunction([Ljava.lang.String;)[pri:0, instance:AutomationOnboarding.Login@604ed9f0]" name="registrationSelectionFunction" duration-ms="37713" started-at="2022-02-11T12:45:35Z" data-provider="registrationGroup" finished-at="2022-02-11T12:46:13Z">
          <params>
            <param index="0">
              <value>
                <![CDATA[[Ljava.lang.String;@4e1d422d]]>
              </value>
            </param>
          </params>
          <reporter-output>
          </reporter-output>
        </test-method> <!-- registrationSelectionFunction -->
        <test-method status="PASS" signature="setUp()[pri:0, instance:AutomationOnboarding.Login@604ed9f0]" name="setUp" is-config="true" duration-ms="2932" started-at="2022-02-11T12:46:13Z" finished-at="2022-02-11T12:46:15Z">
          <reporter-output>
          </reporter-output>
        </test-method> <!-- setUp -->
        <test-method status="PASS" signature="registrationSelectionFunction([Ljava.lang.String;)[pri:0, instance:AutomationOnboarding.Login@604ed9f0]" name="registrationSelectionFunction" duration-ms="39754" started-at="2022-02-11T12:46:15Z" data-provider="registrationGroup" finished-at="2022-02-11T12:46:55Z">
          <params>
            <param index="0">
              <value>
                <![CDATA[[Ljava.lang.String;@66480dd7]]>
              </value>
            </param>
          </params>
          <reporter-output>
          </reporter-output>
        </test-method> <!-- registrationSelectionFunction -->
        <test-method status="PASS" signature="setUp()[pri:0, instance:AutomationOnboarding.Login@604ed9f0]" name="setUp" is-config="true" duration-ms="3761" started-at="2022-02-11T12:46:55Z" finished-at="2022-02-11T12:46:59Z">
          <reporter-output>
          </reporter-output>
        </test-method> <!-- setUp -->
        <test-method status="PASS" signature="registrationSelectionFunction([Ljava.lang.String;)[pri:0, instance:AutomationOnboarding.Login@604ed9f0]" name="registrationSelectionFunction" duration-ms="38867" started-at="2022-02-11T12:46:59Z" data-provider="registrationGroup" finished-at="2022-02-11T12:47:38Z">
          <params>
            <param index="0">
              <value>
                <![CDATA[[Ljava.lang.String;@52a86356]]>
              </value>
            </param>
          </params>
          <reporter-output>
          </reporter-output>
        </test-method> <!-- registrationSelectionFunction -->
      </class> <!-- AutomationOnboarding.Login -->
    </test> <!-- Parallel_Testing -->
  </suite> <!-- Suite -->
</testng-results>
